2024-03-09 22:42:12,898 - WARNING - (trapped) error reading bcrypt version
Traceback (most recent call last):
  File "/Users/macbookpro/Desktop/APP/Main/fastapi/venv/lib/python3.12/site-packages/passlib/handlers/bcrypt.py", line 620, in _load_backend_mixin
    version = _bcrypt.__about__.__version__
              ^^^^^^^^^^^^^^^^^
AttributeError: module 'bcrypt' has no attribute '__about__'
2024-03-09 22:42:21,159 - ERROR - Error: [Errno 60] Operation timed out occurred while sending AML Kampot112 branch email to ['risto.nhen@canadiabank.com.kh', 'risto.nhen@canadiabank.com.kh'] at 2024-03-09 22:42:21.159599
2024-03-09 22:42:48,203 - ERROR - Error: [Errno 60] Operation timed out occurred while sending AML Kampot112 branch email to ['risto.nhen@canadiabank.com.kh', 'risto.nhen@canadiabank.com.kh'] at 2024-03-09 22:42:48.203670
2024-03-09 22:43:32,322 - ERROR - Error: [Errno 60] Operation timed out occurred while sending AML Main email to ['risto.nhen@canadiabank.com.kh', 'sokun.ouk@canadiabank.com.kh'] at 2024-03-09 22:43:32.322404
2024-03-09 22:44:50,517 - ERROR - Error: [Errno 60] Operation timed out occurred while sending AML Kampot112 branch email to ['risto.nhen@canadiabank.com.kh', 'risto.nhen@canadiabank.com.kh'] at 2024-03-09 22:44:50.517251
2024-03-09 22:44:52,412 - ERROR - Error: [Errno 60] Operation timed out occurred while sending AML Kratie email to ['risto.nhen@canadiabank.com.kh', 'sokun.ouk@canadiabank.com.kh'] at 2024-03-09 22:44:52.412220
2024-03-09 22:45:14,892 - ERROR - Error: [Errno 60] Operation timed out occurred while sending AML Main email to ['risto.nhen@canadiabank.com.kh', 'sokun.ouk@canadiabank.com.kh'] at 2024-03-09 22:45:14.892790
2024-03-09 22:46:34,977 - ERROR - Error: [Errno 60] Operation timed out occurred while sending AML Kratie email to ['risto.nhen@canadiabank.com.kh', 'sokun.ouk@canadiabank.com.kh'] at 2024-03-09 22:46:34.977392
2024-03-09 22:47:45,926 - ERROR - Error: [Errno 60] Operation timed out occurred while sending AML Kampot112 branch email to ['risto.nhen@canadiabank.com.kh', 'risto.nhen@canadiabank.com.kh'] at 2024-03-09 22:47:45.926693
2024-03-09 22:49:06,014 - ERROR - Error: [Errno 60] Operation timed out occurred while sending AML Kampot113 branch email to ['risto.nhen@canadiabank.com.kh', ' risto.nhen@canadiabank.com.kh'] at 2024-03-09 22:49:06.014766
2024-03-09 22:50:26,120 - ERROR - Error: [Errno 60] Operation timed out occurred while sending AML Kampot11 branch email to ['risto.nhen@canadiabank.com.kh', 'risto.nhen@canadiabank.com.kh'] at 2024-03-09 22:50:26.120242
2024-03-09 22:51:46,298 - ERROR - Error: [Errno 60] Operation timed out occurred while sending AML Kampot114 branch email to ['risto.nhen@canadiabank.com.kh', ' risto.nhen@canadiabank.com.kh'] at 2024-03-09 22:51:46.298532
2024-03-09 22:53:06,406 - ERROR - Error: [Errno 60] Operation timed out occurred while sending AML Kampot115 branch email to ['risto.nhen@canadiabank.com.kh', 'risto.nhen@canadiabank.com.kh'] at 2024-03-09 22:53:06.406085
2024-03-09 22:54:26,545 - ERROR - Error: [Errno 60] Operation timed out occurred while sending AML Kampot116 branch email to ['risto.nhen@canadiabank.com.kh', 'risto.nhen@canadiabank.com.kh'] at 2024-03-09 22:54:26.545451
2024-03-09 23:02:54,310 - INFO - Success: AML review Main sent to ['risto.nhen@canadiabank.com.kh', 'sokun.ouk@canadiabank.com.kh'] by ristonhen at 2024-03-09 23:02:54.310720
2024-03-09 23:02:59,400 - INFO - Success: AML review Kratie sent to ['risto.nhen@canadiabank.com.kh', 'sokun.ouk@canadiabank.com.kh'] by ristonhen at 2024-03-09 23:02:59.399922
2024-03-09 23:03:41,208 - INFO - Success: AML review Main sent to ['risto.nhen@canadiabank.com.kh', 'sokun.ouk@canadiabank.com.kh'] by ristonhen at 2024-03-09 23:03:41.208191
2024-03-09 23:03:46,296 - INFO - Success: AML review Kratie sent to ['risto.nhen@canadiabank.com.kh', 'sokun.ouk@canadiabank.com.kh'] by ristonhen at 2024-03-09 23:03:46.295991
